Build started 13-08-2021 17:51:57.
     1>Project "D:\IITG\Semester 1\Speech Processing\Code\Assignment_1\Assignment_1\Assignment_1.vcxproj" on node 2 (build target(s)).
     1>InitializeBuildStatus:
         Creating "Debug\Assignment_1.unsuccessfulbuild" because "AlwaysCreate" was specified.
       ClCompile:
         All outputs are up-to-date.
         C:\Program Files (x86)\Microsoft Visual Studio 10.0\VC\bin\CL.exe /c /ZI /nologo /W3 /WX- /Od /Oy- /D WIN32 /D _DEBUG /D _CONSOLE /D _UNICODE /D UNICODE /Gm /EHsc /RTC1 /MDd /GS /fp:precise /Zc:wchar_t /Zc:forScope /Yu"StdAfx.h" /Fp"Debug\Assignment_1.pch" /Fo"Debug\\" /Fd"Debug\vc100.pdb" /Gd /TP /analyze- /errorReport:prompt main_file.cpp
         main_file.cpp
     1>d:\iitg\semester 1\speech processing\code\assignment_1\assignment_1\utils.h(92): warning C4101: 'stopstring' : unreferenced local variable
     1>d:\iitg\semester 1\speech processing\code\assignment_1\assignment_1\utils.h(150): warning C4244: 'initializing' : conversion from 'double' to 'int', possible loss of data
     1>d:\iitg\semester 1\speech processing\code\assignment_1\assignment_1\main_file.cpp(24): warning C4996: 'scanf': This function or variable may be unsafe. Consider using scanf_s instead. To disable deprecation, use _CRT_SECURE_NO_WARNINGS. See online help for details.
                 c:\program files (x86)\microsoft visual studio 10.0\vc\include\stdio.h(304) : see declaration of 'scanf'
     1>d:\iitg\semester 1\speech processing\code\assignment_1\assignment_1\main_file.cpp(25): warning C4996: 'scanf': This function or variable may be unsafe. Consider using scanf_s instead. To disable deprecation, use _CRT_SECURE_NO_WARNINGS. See online help for details.
                 c:\program files (x86)\microsoft visual studio 10.0\vc\include\stdio.h(304) : see declaration of 'scanf'
     1>d:\iitg\semester 1\speech processing\code\assignment_1\assignment_1\main_file.cpp(27): warning C4996: 'strcpy': This function or variable may be unsafe. Consider using strcpy_s instead. To disable deprecation, use _CRT_SECURE_NO_WARNINGS. See online help for details.
                 c:\program files (x86)\microsoft visual studio 10.0\vc\include\string.h(105) : see declaration of 'strcpy'
     1>d:\iitg\semester 1\speech processing\code\assignment_1\assignment_1\main_file.cpp(28): warning C4996: 'strcat': This function or variable may be unsafe. Consider using strcat_s instead. To disable deprecation, use _CRT_SECURE_NO_WARNINGS. See online help for details.
                 c:\program files (x86)\microsoft visual studio 10.0\vc\include\string.h(110) : see declaration of 'strcat'
     1>d:\iitg\semester 1\speech processing\code\assignment_1\assignment_1\main_file.cpp(42): warning C4244: 'argument' : conversion from 'double' to 'int', possible loss of data
       ManifestResourceCompile:
         All outputs are up-to-date.
       Link:
         C:\Program Files (x86)\Microsoft Visual Studio 10.0\VC\bin\link.exe /ERRORREPORT:PROMPT /OUT:"D:\IITG\Semester 1\Speech Processing\Code\Assignment_1\Debug\Assignment_1.exe" /INCREMENTAL /NOLOGO kernel32.lib user32.lib gdi32.lib winspool.lib comdlg32.lib advapi32.lib shell32.lib ole32.lib oleaut32.lib uuid.lib odbc32.lib odbccp32.lib /MANIFEST /ManifestFile:"Debug\Assignment_1.exe.intermediate.manifest" /MANIFESTUAC:"level='asInvoker' uiAccess='false'" /DEBUG /PDB:"D:\IITG\Semester 1\Speech Processing\Code\Assignment_1\Debug\Assignment_1.pdb" /SUBSYSTEM:CONSOLE /TLBID:1 /DYNAMICBASE /NXCOMPAT /IMPLIB:"D:\IITG\Semester 1\Speech Processing\Code\Assignment_1\Debug\Assignment_1.lib" /MACHINE:X86 Debug\Assignment_1.exe.embed.manifest.res
         Debug\main_file.obj
         Debug\stdafx.obj
       Manifest:
         C:\Program Files (x86)\Microsoft SDKs\Windows\v7.0A\bin\mt.exe /nologo /verbose /out:"Debug\Assignment_1.exe.embed.manifest" /manifest Debug\Assignment_1.exe.intermediate.manifest
         All outputs are up-to-date.
       LinkEmbedManifest:
         All outputs are up-to-date.
         Assignment_1.vcxproj -> D:\IITG\Semester 1\Speech Processing\Code\Assignment_1\Debug\Assignment_1.exe
       FinalizeBuildStatus:
         Deleting file "Debug\Assignment_1.unsuccessfulbuild".
         Touching "Debug\Assignment_1.lastbuildstate".
     1>Done Building Project "D:\IITG\Semester 1\Speech Processing\Code\Assignment_1\Assignment_1\Assignment_1.vcxproj" (build target(s)).

Build succeeded.

Time Elapsed 00:00:02.06
